-------------------------------------------------------------------------------
Test set: com.example.doctorscarespringbootapplication.controller.DoctorMainControllerTest
-------------------------------------------------------------------------------
Tests run: 1, Failures: 0, Errors: 1, Skipped: 0, Time elapsed: 9.628 s <<< FAILURE! - in com.example.doctorscarespringbootapplication.controller.DoctorMainControllerTest
testDoctorProfilePage  Time elapsed: 0.002 s  <<< ERROR!
java.lang.IllegalStateException: Failed to load ApplicationContext
Caused by: org.springframework.beans.factory.UnsatisfiedDependencyException: Error creating bean with name 'myConfig': Unsatisfied dependency expressed through field 'loginSuccessHandler'; nested exception is org.springframework.beans.factory.NoSuchBeanDefinitionException: No qualifying bean of type 'com.example.doctorscarespringbootapplication.configuration.springSecurity.LoginSuccessHandler' available: expected at least 1 bean which qualifies as autowire candidate. Dependency annotations: {@org.springframework.beans.factory.annotation.Autowired(required=true)}
Caused by: org.springframework.beans.factory.NoSuchBeanDefinitionException: No qualifying bean of type 'com.example.doctorscarespringbootapplication.configuration.springSecurity.LoginSuccessHandler' available: expected at least 1 bean which qualifies as autowire candidate. Dependency annotations: {@org.springframework.beans.factory.annotation.Autowired(required=true)}

