<?xml version="1.0" encoding="UTF-8"?>
<testsuite xmlns:xsi="http://www.w3.org/2001/XMLSchema-instance" xsi:noNamespaceSchemaLocation="https://maven.apache.org/surefire/maven-surefire-plugin/xsd/surefire-test-report.xsd" name="com.example.doctorscarespringbootapplication.controller.HomeControllerTest" time="0.735" tests="9" errors="0" skipped="0" failures="0">
  <properties>
[...]
</properties>
  <testcase name="verifyOTP_WithValidOTP_ShouldShowChangePassword" classname="com.example.doctorscarespringbootapplication.controller.HomeControllerTest" time="0.323"/>
  <testcase name="patientSignup_ShouldReturnPatientSignupView" classname="com.example.doctorscarespringbootapplication.controller.HomeControllerTest" time="0.033"/>
  <testcase name="verifyAccount_WithValidToken_ShouldVerifyEmail" classname="com.example.doctorscarespringbootapplication.controller.HomeControllerTest" time="0.084"/>
  <testcase name="termsAndConditions_ShouldReturnTermsView" classname="com.example.doctorscarespringbootapplication.controller.HomeControllerTest" time="0.032"/>
  <testcase name="home_ShouldReturnIndexView" classname="com.example.doctorscarespringbootapplication.controller.HomeControllerTest" time="0.036"/>
  <testcase name="doctorSignup_ShouldReturnDoctorSignupView" classname="com.example.doctorscarespringbootapplication.controller.HomeControllerTest" time="0.038"/>
  <testcase name="sendOTP_WithValidEmail_ShouldSendOTP" classname="com.example.doctorscarespringbootapplication.controller.HomeControllerTest" time="0.045"/>
  <testcase name="forgotPassword_ShouldReturnForgotPasswordView" classname="com.example.doctorscarespringbootapplication.controller.HomeControllerTest" time="0.043"/>
  <testcase name="login_ShouldReturnLoginView" classname="com.example.doctorscarespringbootapplication.controller.HomeControllerTest" time="0.074"/>
</testsuite>